<?xml version="1.0" encoding="UTF-8"?>
<!-- Generated by org.testng.reporters.JUnitReportReporter -->
<testsuite hostname="TOSHIBA" name="testV1.TestV1CalculatorTest" tests="3" failures="0" timestamp="16 Mar 2018 17:48:25 GMT" time="0.014" errors="0">
  <testcase name="addition" time="0.012" classname="testV1.TestV1CalculatorTest"/>
  <testcase name="subtruction" time="0.001" classname="testV1.TestV1CalculatorTest"/>
  <testcase name="multuply" time="0.001" classname="testV1.TestV1CalculatorTest"/>
</testsuite> <!-- testV1.TestV1CalculatorTest -->
